build/app/intermediates/manifest_merge_blame_file/debug/manifest-merger-blame-debug-report.txt
1<?xml version="1.0" encoding="utf-8"?>
2<manifest xmlns:android="http://schemas.android.com/apk/res/android"
3    package="com.example.minor_project"
4    android:versionCode="1"
5    android:versionName="1.0.0" >
6
7    <uses-sdk
8        android:minSdkVersion="19"
9        android:targetSdkVersion="33" />
10    <!--
11         The INTERNET permission is required for development. Specifically,
12         the Flutter tool needs it to communicate with the running application
13         to allow setting breakpoints, to provide hot reload, etc.
14    -->
15    <uses-permission android:name="android.permission.INTERNET" />
15-->src\main\AndroidManifest.xml:2:5-66
15-->src\main\AndroidManifest.xml:2:22-64
16    <uses-permission android:name="android.permission.ACCESS_FINE_LOCATION" />
16-->src\main\AndroidManifest.xml:3:5-79
16-->src\main\AndroidManifest.xml:3:22-76
17    <uses-permission android:name="android.permission.ACCESS_COARSE_LOCATION" />
17-->src\main\AndroidManifest.xml:4:5-81
17-->src\main\AndroidManifest.xml:4:22-78
18    <uses-permission android:name="android.permission.ACCESS_BACKGROUND_LOCATION" />
18-->src\main\AndroidManifest.xml:5:5-85
18-->src\main\AndroidManifest.xml:5:22-82
19    <uses-permission android:name="android.permission.RECEIVE_BOOT_COMPLETED" />
19-->[:flutter_local_notifications] AndroidManifest.xml:9:5-81
19-->[:flutter_local_notifications] AndroidManifest.xml:9:22-78
20    <uses-permission android:name="android.permission.VIBRATE" />
20-->[:flutter_local_notifications] AndroidManifest.xml:10:5-66
20-->[:flutter_local_notifications] AndroidManifest.xml:10:22-63
21    <uses-permission android:name="android.permission.USE_FULL_SCREEN_INTENT" />
21-->[:flutter_local_notifications] AndroidManifest.xml:11:5-81
21-->[:flutter_local_notifications] AndroidManifest.xml:11:22-78
22    <uses-permission android:name="android.permission.SCHEDULE_EXACT_ALARM" />
22-->[:flutter_local_notifications] AndroidManifest.xml:12:5-79
22-->[:flutter_local_notifications] AndroidManifest.xml:12:22-76
23    <uses-permission android:name="android.permission.POST_NOTIFICATIONS" />
23-->[:flutter_local_notifications] AndroidManifest.xml:13:5-77
23-->[:flutter_local_notifications] AndroidManifest.xml:13:22-74
24    <uses-permission android:name="android.permission.ACCESS_NETWORK_STATE" />
24-->[com.google.android.exoplayer:exoplayer-core:2.18.7] AndroidManifest.xml:24:5-79
24-->[com.google.android.exoplayer:exoplayer-core:2.18.7] AndroidManifest.xml:24:22-76
25
26    <permission
26-->[androidx.core:core:1.10.1] AndroidManifest.xml:22:5-24:47
27        android:name="com.example.minor_project.DYNAMIC_RECEIVER_NOT_EXPORTED_PERMISSION"
27-->[androidx.core:core:1.10.1] AndroidManifest.xml:23:9-81
28        android:protectionLevel="signature" />
28-->[androidx.core:core:1.10.1] AndroidManifest.xml:24:9-44
29
30    <uses-permission android:name="com.example.minor_project.DYNAMIC_RECEIVER_NOT_EXPORTED_PERMISSION" />
30-->[androidx.core:core:1.10.1] AndroidManifest.xml:26:5-97
30-->[androidx.core:core:1.10.1] AndroidManifest.xml:26:22-94
31
32    <application
33        android:name="io.flutter.app.FlutterMultiDexApplication"
34        android:appComponentFactory="androidx.core.app.CoreComponentFactory"
34-->[androidx.core:core:1.10.1] AndroidManifest.xml:28:18-86
35        android:debuggable="true"
36        android:icon="@mipmap/ic_launcher"
37        android:label="minor_project" >
38        <activity
39            android:name="com.example.minor_project.MainActivity"
40            android:configChanges="orientation|keyboardHidden|keyboard|screenSize|smallestScreenSize|locale|layoutDirection|fontScale|screenLayout|density|uiMode"
41            android:exported="true"
42            android:hardwareAccelerated="true"
43            android:launchMode="singleTop"
44            android:theme="@style/LaunchTheme"
45            android:windowSoftInputMode="adjustResize" >
46
47            <!--
48                 Specifies an Android theme to apply to this Activity as soon as
49                 the Android process has started. This theme is visible to the user
50                 while the Flutter UI initializes. After that, this theme continues
51                 to determine the Window background behind the Flutter UI.
52            -->
53            <meta-data
54                android:name="io.flutter.embedding.android.NormalTheme"
55                android:resource="@style/NormalTheme" />
56
57            <intent-filter>
58                <action android:name="android.intent.action.MAIN" />
59
60                <category android:name="android.intent.category.LAUNCHER" />
61            </intent-filter>
62        </activity>
63        <!--
64             Don't delete the meta-data below.
65             This is used by the Flutter tool to generate GeneratedPluginRegistrant.java
66        -->
67        <meta-data
68            android:name="flutterEmbedding"
69            android:value="2" />
70
71        <service
71-->[:geolocator_android] AndroidManifest.xml:10:9-14:56
72            android:name="com.baseflow.geolocator.GeolocatorLocationService"
72-->[:geolocator_android] AndroidManifest.xml:11:13-77
73            android:enabled="true"
73-->[:geolocator_android] AndroidManifest.xml:12:13-35
74            android:exported="false"
74-->[:geolocator_android] AndroidManifest.xml:13:13-37
75            android:foregroundServiceType="location" />
75-->[:geolocator_android] AndroidManifest.xml:14:13-53
76
77        <provider
77-->[:image_picker_android] AndroidManifest.xml:10:9-18:20
78            android:name="io.flutter.plugins.imagepicker.ImagePickerFileProvider"
78-->[:image_picker_android] AndroidManifest.xml:11:13-82
79            android:authorities="com.example.minor_project.flutter.image_provider"
79-->[:image_picker_android] AndroidManifest.xml:12:13-74
80            android:exported="false"
80-->[:image_picker_android] AndroidManifest.xml:13:13-37
81            android:grantUriPermissions="true" >
81-->[:image_picker_android] AndroidManifest.xml:14:13-47
82            <meta-data
82-->[:image_picker_android] AndroidManifest.xml:15:13-17:75
83                android:name="android.support.FILE_PROVIDER_PATHS"
83-->[:image_picker_android] AndroidManifest.xml:16:17-67
84                android:resource="@xml/flutter_image_picker_file_paths" />
84-->[:image_picker_android] AndroidManifest.xml:17:17-72
85        </provider>
86
87        <receiver
87-->[:flutter_local_notifications] AndroidManifest.xml:16:9-18:40
88            android:name="com.dexterous.flutterlocalnotifications.ActionBroadcastReceiver"
88-->[:flutter_local_notifications] AndroidManifest.xml:17:13-91
89            android:exported="false" />
89-->[:flutter_local_notifications] AndroidManifest.xml:18:13-37
90        <receiver
90-->[:flutter_local_notifications] AndroidManifest.xml:19:9-21:40
91            android:name="com.dexterous.flutterlocalnotifications.ScheduledNotificationReceiver"
91-->[:flutter_local_notifications] AndroidManifest.xml:20:13-97
92            android:exported="false" />
92-->[:flutter_local_notifications] AndroidManifest.xml:21:13-37
93        <receiver
93-->[:flutter_local_notifications] AndroidManifest.xml:22:9-31:20
94            android:name="com.dexterous.flutterlocalnotifications.ScheduledNotificationBootReceiver"
94-->[:flutter_local_notifications] AndroidManifest.xml:23:13-101
95            android:exported="false" >
95-->[:flutter_local_notifications] AndroidManifest.xml:24:13-37
96            <intent-filter>
96-->[:flutter_local_notifications] AndroidManifest.xml:25:13-30:29
97                <action android:name="android.intent.action.BOOT_COMPLETED" />
97-->[:flutter_local_notifications] AndroidManifest.xml:26:17-79
97-->[:flutter_local_notifications] AndroidManifest.xml:26:25-76
98                <action android:name="android.intent.action.MY_PACKAGE_REPLACED" />
98-->[:flutter_local_notifications] AndroidManifest.xml:27:17-84
98-->[:flutter_local_notifications] AndroidManifest.xml:27:25-81
99                <action android:name="android.intent.action.QUICKBOOT_POWERON" />
99-->[:flutter_local_notifications] AndroidManifest.xml:28:17-82
99-->[:flutter_local_notifications] AndroidManifest.xml:28:25-79
100                <action android:name="com.htc.intent.action.QUICKBOOT_POWERON" />
100-->[:flutter_local_notifications] AndroidManifest.xml:29:17-82
100-->[:flutter_local_notifications] AndroidManifest.xml:29:25-79
101            </intent-filter>
102        </receiver>
103
104        <activity
104-->[com.google.android.gms:play-services-base:18.1.0] AndroidManifest.xml:20:9-22:45
105            android:name="com.google.android.gms.common.api.GoogleApiActivity"
105-->[com.google.android.gms:play-services-base:18.1.0] AndroidManifest.xml:20:19-85
106            android:exported="false"
106-->[com.google.android.gms:play-services-base:18.1.0] AndroidManifest.xml:22:19-43
107            android:theme="@android:style/Theme.Translucent.NoTitleBar" />
107-->[com.google.android.gms:play-services-base:18.1.0] AndroidManifest.xml:21:19-78
108
109        <meta-data
109-->[com.google.android.gms:play-services-basement:18.1.0] AndroidManifest.xml:21:9-23:69
110            android:name="com.google.android.gms.version"
110-->[com.google.android.gms:play-services-basement:18.1.0] AndroidManifest.xml:22:13-58
111            android:value="@integer/google_play_services_version" />
111-->[com.google.android.gms:play-services-basement:18.1.0] AndroidManifest.xml:23:13-66
112
113        <uses-library
113-->[androidx.window:window:1.0.0-beta04] AndroidManifest.xml:25:9-27:40
114            android:name="androidx.window.extensions"
114-->[androidx.window:window:1.0.0-beta04] AndroidManifest.xml:26:13-54
115            android:required="false" />
115-->[androidx.window:window:1.0.0-beta04] AndroidManifest.xml:27:13-37
116        <uses-library
116-->[androidx.window:window:1.0.0-beta04] AndroidManifest.xml:28:9-30:40
117            android:name="androidx.window.sidecar"
117-->[androidx.window:window:1.0.0-beta04] AndroidManifest.xml:29:13-51
118            android:required="false" />
118-->[androidx.window:window:1.0.0-beta04] AndroidManifest.xml:30:13-37
119
120        <provider
120-->[androidx.profileinstaller:profileinstaller:1.3.0] AndroidManifest.xml:24:9-32:20
121            android:name="androidx.startup.InitializationProvider"
121-->[androidx.profileinstaller:profileinstaller:1.3.0] AndroidManifest.xml:25:13-67
122            android:authorities="com.example.minor_project.androidx-startup"
122-->[androidx.profileinstaller:profileinstaller:1.3.0] AndroidManifest.xml:26:13-68
123            android:exported="false" >
123-->[androidx.profileinstaller:profileinstaller:1.3.0] AndroidManifest.xml:27:13-37
124            <meta-data
124-->[androidx.profileinstaller:profileinstaller:1.3.0] AndroidManifest.xml:29:13-31:52
125                android:name="androidx.profileinstaller.ProfileInstallerInitializer"
125-->[androidx.profileinstaller:profileinstaller:1.3.0] AndroidManifest.xml:30:17-85
126                android:value="androidx.startup" />
126-->[androidx.profileinstaller:profileinstaller:1.3.0] AndroidManifest.xml:31:17-49
127        </provider>
128
129        <receiver
129-->[androidx.profileinstaller:profileinstaller:1.3.0] AndroidManifest.xml:34:9-52:20
130            android:name="androidx.profileinstaller.ProfileInstallReceiver"
130-->[androidx.profileinstaller:profileinstaller:1.3.0] AndroidManifest.xml:35:13-76
131            android:directBootAware="false"
131-->[androidx.profileinstaller:profileinstaller:1.3.0] AndroidManifest.xml:36:13-44
132            android:enabled="true"
132-->[androidx.profileinstaller:profileinstaller:1.3.0] AndroidManifest.xml:37:13-35
133            android:exported="true"
133-->[androidx.profileinstaller:profileinstaller:1.3.0] AndroidManifest.xml:38:13-36
134            android:permission="android.permission.DUMP" >
134-->[androidx.profileinstaller:profileinstaller:1.3.0] AndroidManifest.xml:39:13-57
135            <intent-filter>
135-->[androidx.profileinstaller:profileinstaller:1.3.0] AndroidManifest.xml:40:13-42:29
136                <action android:name="androidx.profileinstaller.action.INSTALL_PROFILE" />
136-->[androidx.profileinstaller:profileinstaller:1.3.0] AndroidManifest.xml:41:17-91
136-->[androidx.profileinstaller:profileinstaller:1.3.0] AndroidManifest.xml:41:25-88
137            </intent-filter>
138            <intent-filter>
138-->[androidx.profileinstaller:profileinstaller:1.3.0] AndroidManifest.xml:43:13-45:29
139                <action android:name="androidx.profileinstaller.action.SKIP_FILE" />
139-->[androidx.profileinstaller:profileinstaller:1.3.0] AndroidManifest.xml:44:17-85
139-->[androidx.profileinstaller:profileinstaller:1.3.0] AndroidManifest.xml:44:25-82
140            </intent-filter>
141            <intent-filter>
141-->[androidx.profileinstaller:profileinstaller:1.3.0] AndroidManifest.xml:46:13-48:29
142                <action android:name="androidx.profileinstaller.action.SAVE_PROFILE" />
142-->[androidx.profileinstaller:profileinstaller:1.3.0] AndroidManifest.xml:47:17-88
142-->[androidx.profileinstaller:profileinstaller:1.3.0] AndroidManifest.xml:47:25-85
143            </intent-filter>
144            <intent-filter>
144-->[androidx.profileinstaller:profileinstaller:1.3.0] AndroidManifest.xml:49:13-51:29
145                <action android:name="androidx.profileinstaller.action.BENCHMARK_OPERATION" />
145-->[androidx.profileinstaller:profileinstaller:1.3.0] AndroidManifest.xml:50:17-95
145-->[androidx.profileinstaller:profileinstaller:1.3.0] AndroidManifest.xml:50:25-92
146            </intent-filter>
147        </receiver>
148    </application>
149
150</manifest>